# JRE version: Java(TM) SE Runtime Environment (8.0_202-b08) (build 1.8.0_202-b08)
# Java VM: Java HotSpot(TM) 64-Bit Server VM (25.202-b08 mixed mode bsd-amd64 compressed oops)
Heap:
 PSYoungGen      total 234496K, used 157582K [0x000000076ab00000, 0x00000007a1a80000, 0x00000007c0000000)
  eden space 223744K, 70% used [0x000000076ab00000,0x00000007744e38e0,0x0000000778580000)
  from space 10752K, 0% used [0x0000000778580000,0x0000000778580000,0x0000000779000000)
  to   space 299008K, 0% used [0x000000078f680000,0x000000078f680000,0x00000007a1a80000)
 ParOldGen       total 766976K, used 169746K [0x00000006c0000000, 0x00000006eed00000, 0x000000076ab00000)
  object space 766976K, 22% used [0x00000006c0000000,0x00000006ca5c4bf8,0x00000006eed00000)
 Metaspace       used 26241K, capacity 27304K, committed 27520K, reserved 1073152K
  class space    used 3387K, capacity 3644K, committed 3712K, reserved 1048576K
GC Heap History (10 events):
Event: 5.172 GC heap before
{Heap before GC invocations=5 (full 2):
 PSYoungGen      total 141824K, used 10727K [0x000000076ab00000, 0x0000000779a80000, 0x00000007c0000000)
  eden space 131072K, 0% used [0x000000076ab00000,0x000000076ab00000,0x0000000772b00000)
  from space 10752K, 99% used [0x0000000772b00000,0x0000000773579eb8,0x0000000773580000)
  to   space 10752K, 0% used [0x0000000779000000,0x0000000779000000,0x0000000779a80000)
 ParOldGen       total 206848K, used 202448K [0x00000006c0000000, 0x00000006cca00000, 0x000000076ab00000)
  object space 206848K, 97% used [0x00000006c0000000,0x00000006cc5b4030,0x00000006cca00000)
 Metaspace       used 22727K, capacity 23738K, committed 24064K, reserved 1071104K
  class space    used 3024K, capacity 3271K, committed 3328K, reserved 1048576K
Event: 5.195 GC heap after
Heap after GC invocations=5 (full 2):
 PSYoungGen      total 141824K, used 0K [0x000000076ab00000, 0x0000000779a80000, 0x00000007c0000000)
  eden space 131072K, 0% used [0x000000076ab00000,0x000000076ab00000,0x0000000772b00000)
  from space 10752K, 0% used [0x0000000772b00000,0x0000000772b00000,0x0000000773580000)
  to   space 10752K, 0% used [0x0000000779000000,0x0000000779000000,0x0000000779a80000)
 ParOldGen       total 419328K, used 115406K [0x00000006c0000000, 0x00000006d9980000, 0x000000076ab00000)
  object space 419328K, 27% used [0x00000006c0000000,0x00000006c70b3b58,0x00000006d9980000)
 Metaspace       used 22727K, capacity 23738K, committed 24064K, reserved 1071104K
  class space    used 3024K, capacity 3271K, committed 3328K, reserved 1048576K
}
Event: 5.312 GC heap before
{Heap before GC invocations=6 (full 2):
 PSYoungGen      total 141824K, used 100908K [0x000000076ab00000, 0x0000000779a80000, 0x00000007c0000000)
  eden space 131072K, 76% used [0x000000076ab00000,0x0000000770d8b058,0x0000000772b00000)
  from space 10752K, 0% used [0x0000000772b00000,0x0000000772b00000,0x0000000773580000)
  to   space 10752K, 0% used [0x0000000779000000,0x0000000779000000,0x0000000779a80000)
 ParOldGen       total 419328K, used 115406K [0x00000006c0000000, 0x00000006d9980000, 0x000000076ab00000)
  object space 419328K, 27% used [0x00000006c0000000,0x00000006c70b3b58,0x00000006d9980000)
 Metaspace       used 23769K, capacity 24744K, committed 24960K, reserved 1071104K
  class space    used 3148K, capacity 3370K, committed 3456K, reserved 1048576K
Event: 5.340 GC heap after
Heap after GC invocations=6 (full 2):
 PSYoungGen      total 234496K, used 320K [0x000000076ab00000, 0x000000077af00000, 0x00000007c0000000)
  eden space 223744K, 0% used [0x000000076ab00000,0x000000076ab00000,0x0000000778580000)
  from space 10752K, 2% used [0x0000000779000000,0x0000000779050000,0x0000000779a80000)
  to   space 10752K, 0% used [0x0000000778580000,0x0000000778580000,0x0000000779000000)
 ParOldGen       total 419328K, used 408019K [0x00000006c0000000, 0x00000006d9980000, 0x000000076ab00000)
  object space 419328K, 97% used [0x00000006c0000000,0x00000006d8e74db8,0x00000006d9980000)
 Metaspace       used 23769K, capacity 24744K, committed 24960K, reserved 1071104K
  class space    used 3148K, capacity 3370K, committed 3456K, reserved 1048576K
}
Event: 5.340 GC heap before
{Heap before GC invocations=7 (full 3):
 PSYoungGen      total 234496K, used 320K [0x000000076ab00000, 0x000000077af00000, 0x00000007c0000000)
  eden space 223744K, 0% used [0x000000076ab00000,0x000000076ab00000,0x0000000778580000)
  from space 10752K, 2% used [0x0000000779000000,0x0000000779050000,0x0000000779a80000)
  to   space 10752K, 0% used [0x0000000778580000,0x0000000778580000,0x0000000779000000)
 ParOldGen       total 419328K, used 408019K [0x00000006c0000000, 0x00000006d9980000, 0x000000076ab00000)
  object space 419328K, 97% used [0x00000006c0000000,0x00000006d8e74db8,0x00000006d9980000)
 Metaspace       used 23769K, capacity 24744K, committed 24960K, reserved 1071104K
  class space    used 3148K, capacity 3370K, committed 3456K, reserved 1048576K
Event: 5.385 GC heap after
Heap after GC invocations=7 (full 3):
 PSYoungGen      total 234496K, used 0K [0x000000076ab00000, 0x000000077af00000, 0x00000007c0000000)
  eden space 223744K, 0% used [0x000000076ab00000,0x000000076ab00000,0x0000000778580000)
  from space 10752K, 0% used [0x0000000779000000,0x0000000779000000,0x0000000779a80000)
  to   space 10752K, 0% used [0x0000000778580000,0x0000000778580000,0x0000000779000000)
 ParOldGen       total 712192K, used 211461K [0x00000006c0000000, 0x00000006eb780000, 0x000000076ab00000)
  object space 712192K, 29% used [0x00000006c0000000,0x00000006cce814e0,0x00000006eb780000)
 Metaspace       used 23769K, capacity 24744K, committed 24960K, reserved 1071104K
  class space    used 3148K, capacity 3370K, committed 3456K, reserved 1048576K
}
Event: 6.222 GC heap before
{Heap before GC invocations=8 (full 3):
 PSYoungGen      total 234496K, used 195341K [0x000000076ab00000, 0x000000077af00000, 0x00000007c0000000)
  eden space 223744K, 87% used [0x000000076ab00000,0x00000007769c36b0,0x0000000778580000)
  from space 10752K, 0% used [0x0000000779000000,0x0000000779000000,0x0000000779a80000)
  to   space 10752K, 0% used [0x0000000778580000,0x0000000778580000,0x0000000779000000)
 ParOldGen       total 712192K, used 211461K [0x00000006c0000000, 0x00000006eb780000, 0x000000076ab00000)
  object space 712192K, 29% used [0x00000006c0000000,0x00000006cce814e0,0x00000006eb780000)
 Metaspace       used 25457K, capacity 26442K, committed 26752K, reserved 1073152K
  class space    used 3372K, capacity 3635K, committed 3712K, reserved 1048576K
Event: 6.242 GC heap after
Heap after GC invocations=8 (full 3):
 PSYoungGen      total 234496K, used 10722K [0x000000076ab00000, 0x00000007a1a80000, 0x00000007c0000000)
  eden space 223744K, 0% used [0x000000076ab00000,0x000000076ab00000,0x0000000778580000)
  from space 10752K, 99% used [0x0000000778580000,0x0000000778ff8be8,0x0000000779000000)
  to   space 299008K, 0% used [0x000000078f680000,0x000000078f680000,0x00000007a1a80000)
 ParOldGen       total 712192K, used 454006K [0x00000006c0000000, 0x00000006eb780000, 0x000000076ab00000)
  object space 712192K, 63% used [0x00000006c0000000,0x00000006dbb5da90,0x00000006eb780000)
 Metaspace       used 25457K, capacity 26442K, committed 26752K, reserved 1073152K
  class space    used 3372K, capacity 3635K, committed 3712K, reserved 1048576K
}
Event: 6.242 GC heap before
{Heap before GC invocations=9 (full 4):
 PSYoungGen      total 234496K, used 10722K [0x000000076ab00000, 0x00000007a1a80000, 0x00000007c0000000)
  eden space 223744K, 0% used [0x000000076ab00000,0x000000076ab00000,0x0000000778580000)
  from space 10752K, 99% used [0x0000000778580000,0x0000000778ff8be8,0x0000000779000000)
  to   space 299008K, 0% used [0x000000078f680000,0x000000078f680000,0x00000007a1a80000)
 ParOldGen       total 712192K, used 454006K [0x00000006c0000000, 0x00000006eb780000, 0x000000076ab00000)
  object space 712192K, 63% used [0x00000006c0000000,0x00000006dbb5da90,0x00000006eb780000)
 Metaspace       used 25457K, capacity 26442K, committed 26752K, reserved 1073152K
  class space    used 3372K, capacity 3635K, committed 3712K, reserved 1048576K
Event: 6.273 GC heap after
Heap after GC invocations=9 (full 4):
 PSYoungGen      total 234496K, used 0K [0x000000076ab00000, 0x00000007a1a80000, 0x00000007c0000000)
  eden space 223744K, 0% used [0x000000076ab00000,0x000000076ab00000,0x0000000778580000)
  from space 10752K, 0% used [0x0000000778580000,0x0000000778580000,0x0000000779000000)
  to   space 299008K, 0% used [0x000000078f680000,0x000000078f680000,0x00000007a1a80000)
 ParOldGen       total 766976K, used 169746K [0x00000006c0000000, 0x00000006eed00000, 0x000000076ab00000)
  object space 766976K, 22% used [0x00000006c0000000,0x00000006ca5c4bf8,0x00000006eed00000)
 Metaspace       used 25457K, capacity 26442K, committed 26752K, reserved 1073152K
  class space    used 3372K, capacity 3635K, committed 3712K, reserved 1048576K
}

