# JRE version: Java(TM) SE Runtime Environment (8.0_202-b08) (build 1.8.0_202-b08)
# Java VM: Java HotSpot(TM) 64-Bit Server VM (25.202-b08 mixed mode bsd-amd64 compressed oops)
Heap:
 PSYoungGen      total 691712K, used 106890K [0x000000076ab00000, 0x00000007b7e80000, 0x00000007c0000000)
  eden space 379392K, 28% used [0x000000076ab00000,0x0000000771362ac0,0x0000000781d80000)
  from space 312320K, 0% used [0x0000000781d80000,0x0000000781d80000,0x0000000794e80000)
  to   space 365568K, 0% used [0x00000007a1980000,0x00000007a1980000,0x00000007b7e80000)
 ParOldGen       total 1105408K, used 464903K [0x00000006c0000000, 0x0000000703780000, 0x000000076ab00000)
  object space 1105408K, 42% used [0x00000006c0000000,0x00000006dc601d60,0x0000000703780000)
 Metaspace       used 26326K, capacity 27411K, committed 27520K, reserved 1073152K
  class space    used 3405K, capacity 3656K, committed 3712K, reserved 1048576K
GC Heap History (10 events):
Event: 11.754 GC heap before
{Heap before GC invocations=10 (full 4):
 PSYoungGen      total 229888K, used 201752K [0x000000076ab00000, 0x0000000793000000, 0x00000007c0000000)
  eden space 219136K, 92% used [0x000000076ab00000,0x0000000777006178,0x0000000778100000)
  from space 10752K, 0% used [0x0000000778100000,0x0000000778100000,0x0000000778b80000)
  to   space 181760K, 0% used [0x0000000787e80000,0x0000000787e80000,0x0000000793000000)
 ParOldGen       total 721920K, used 135141K [0x00000006c0000000, 0x00000006ec100000, 0x000000076ab00000)
  object space 721920K, 18% used [0x00000006c0000000,0x00000006c83f97d0,0x00000006ec100000)
 Metaspace       used 25759K, capacity 26745K, committed 27008K, reserved 1073152K
  class space    used 3391K, capacity 3647K, committed 3712K, reserved 1048576K
Event: 11.778 GC heap after
Heap after GC invocations=10 (full 4):
 PSYoungGen      total 443904K, used 154740K [0x000000076ab00000, 0x0000000799d80000, 0x00000007c0000000)
  eden space 262144K, 0% used [0x000000076ab00000,0x000000076ab00000,0x000000077ab00000)
  from space 181760K, 85% used [0x0000000787e80000,0x000000079159d3c0,0x0000000793000000)
  to   space 216576K, 0% used [0x000000077ab00000,0x000000077ab00000,0x0000000787e80000)
 ParOldGen       total 721920K, used 183910K [0x00000006c0000000, 0x00000006ec100000, 0x000000076ab00000)
  object space 721920K, 25% used [0x00000006c0000000,0x00000006cb399ae0,0x00000006ec100000)
 Metaspace       used 25759K, capacity 26745K, committed 27008K, reserved 1073152K
  class space    used 3391K, capacity 3647K, committed 3712K, reserved 1048576K
}
Event: 11.977 GC heap before
{Heap before GC invocations=11 (full 4):
 PSYoungGen      total 443904K, used 393724K [0x000000076ab00000, 0x0000000799d80000, 0x00000007c0000000)
  eden space 262144K, 91% used [0x000000076ab00000,0x0000000779461e50,0x000000077ab00000)
  from space 181760K, 85% used [0x0000000787e80000,0x000000079159d3c0,0x0000000793000000)
  to   space 216576K, 0% used [0x000000077ab00000,0x000000077ab00000,0x0000000787e80000)
 ParOldGen       total 721920K, used 183910K [0x00000006c0000000, 0x00000006ec100000, 0x000000076ab00000)
  object space 721920K, 25% used [0x00000006c0000000,0x00000006cb399ae0,0x00000006ec100000)
 Metaspace       used 25759K, capacity 26745K, committed 27008K, reserved 1073152K
  class space    used 3391K, capacity 3647K, committed 3712K, reserved 1048576K
Event: 12.031 GC heap after
Heap after GC invocations=11 (full 4):
 PSYoungGen      total 478720K, used 203716K [0x000000076ab00000, 0x00000007a4e80000, 0x00000007c0000000)
  eden space 262144K, 0% used [0x000000076ab00000,0x000000076ab00000,0x000000077ab00000)
  from space 216576K, 94% used [0x000000077ab00000,0x00000007871f1030,0x0000000787e80000)
  to   space 262144K, 0% used [0x0000000794e80000,0x0000000794e80000,0x00000007a4e80000)
 ParOldGen       total 721920K, used 220487K [0x00000006c0000000, 0x00000006ec100000, 0x000000076ab00000)
  object space 721920K, 30% used [0x00000006c0000000,0x00000006cd751d30,0x00000006ec100000)
 Metaspace       used 25759K, capacity 26745K, committed 27008K, reserved 1073152K
  class space    used 3391K, capacity 3647K, committed 3712K, reserved 1048576K
}
Event: 12.226 GC heap before
{Heap before GC invocations=12 (full 4):
 PSYoungGen      total 478720K, used 444555K [0x000000076ab00000, 0x00000007a4e80000, 0x00000007c0000000)
  eden space 262144K, 91% used [0x000000076ab00000,0x0000000779631dc8,0x000000077ab00000)
  from space 216576K, 94% used [0x000000077ab00000,0x00000007871f1030,0x0000000787e80000)
  to   space 262144K, 0% used [0x0000000794e80000,0x0000000794e80000,0x00000007a4e80000)
 ParOldGen       total 721920K, used 220487K [0x00000006c0000000, 0x00000006ec100000, 0x000000076ab00000)
  object space 721920K, 30% used [0x00000006c0000000,0x00000006cd751d30,0x00000006ec100000)
 Metaspace       used 25760K, capacity 26745K, committed 27008K, reserved 1073152K
  class space    used 3391K, capacity 3647K, committed 3712K, reserved 1048576K
Event: 12.273 GC heap after
Heap after GC invocations=12 (full 4):
 PSYoungGen      total 641536K, used 252535K [0x000000076ab00000, 0x00000007aba80000, 0x00000007c0000000)
  eden space 379392K, 0% used [0x000000076ab00000,0x000000076ab00000,0x0000000781d80000)
  from space 262144K, 96% used [0x0000000794e80000,0x00000007a451dc80,0x00000007a4e80000)
  to   space 312320K, 0% used [0x0000000781d80000,0x0000000781d80000,0x0000000794e80000)
 ParOldGen       total 721920K, used 257071K [0x00000006c0000000, 0x00000006ec100000, 0x000000076ab00000)
  object space 721920K, 35% used [0x00000006c0000000,0x00000006cfb0bf80,0x00000006ec100000)
 Metaspace       used 25760K, capacity 26745K, committed 27008K, reserved 1073152K
  class space    used 3391K, capacity 3647K, committed 3712K, reserved 1048576K
}
Event: 12.650 GC heap before
{Heap before GC invocations=13 (full 4):
 PSYoungGen      total 641536K, used 624535K [0x000000076ab00000, 0x00000007aba80000, 0x00000007c0000000)
  eden space 379392K, 98% used [0x000000076ab00000,0x0000000781648208,0x0000000781d80000)
  from space 262144K, 96% used [0x0000000794e80000,0x00000007a451dc80,0x00000007a4e80000)
  to   space 312320K, 0% used [0x0000000781d80000,0x0000000781d80000,0x0000000794e80000)
 ParOldGen       total 721920K, used 257071K [0x00000006c0000000, 0x00000006ec100000, 0x000000076ab00000)
  object space 721920K, 35% used [0x00000006c0000000,0x00000006cfb0bf80,0x00000006ec100000)
 Metaspace       used 25761K, capacity 26745K, committed 27008K, reserved 1073152K
  class space    used 3391K, capacity 3647K, committed 3712K, reserved 1048576K
Event: 12.707 GC heap after
Heap after GC invocations=13 (full 4):
 PSYoungGen      total 691712K, used 297016K [0x000000076ab00000, 0x00000007b7e80000, 0x00000007c0000000)
  eden space 379392K, 0% used [0x000000076ab00000,0x000000076ab00000,0x0000000781d80000)
  from space 312320K, 95% used [0x0000000781d80000,0x0000000793f8e2d0,0x0000000794e80000)
  to   space 365568K, 0% used [0x00000007a1980000,0x00000007a1980000,0x00000007b7e80000)
 ParOldGen       total 721920K, used 574116K [0x00000006c0000000, 0x00000006ec100000, 0x000000076ab00000)
  object space 721920K, 79% used [0x00000006c0000000,0x00000006e30a9370,0x00000006ec100000)
 Metaspace       used 25761K, capacity 26745K, committed 27008K, reserved 1073152K
  class space    used 3391K, capacity 3647K, committed 3712K, reserved 1048576K
}
Event: 12.707 GC heap before
{Heap before GC invocations=14 (full 5):
 PSYoungGen      total 691712K, used 297016K [0x000000076ab00000, 0x00000007b7e80000, 0x00000007c0000000)
  eden space 379392K, 0% used [0x000000076ab00000,0x000000076ab00000,0x0000000781d80000)
  from space 312320K, 95% used [0x0000000781d80000,0x0000000793f8e2d0,0x0000000794e80000)
  to   space 365568K, 0% used [0x00000007a1980000,0x00000007a1980000,0x00000007b7e80000)
 ParOldGen       total 721920K, used 574116K [0x00000006c0000000, 0x00000006ec100000, 0x000000076ab00000)
  object space 721920K, 79% used [0x00000006c0000000,0x00000006e30a9370,0x00000006ec100000)
 Metaspace       used 25761K, capacity 26745K, committed 27008K, reserved 1073152K
  class space    used 3391K, capacity 3647K, committed 3712K, reserved 1048576K
Event: 12.738 GC heap after
Heap after GC invocations=14 (full 5):
 PSYoungGen      total 691712K, used 0K [0x000000076ab00000, 0x00000007b7e80000, 0x00000007c0000000)
  eden space 379392K, 0% used [0x000000076ab00000,0x000000076ab00000,0x0000000781d80000)
  from space 312320K, 0% used [0x0000000781d80000,0x0000000781d80000,0x0000000794e80000)
  to   space 365568K, 0% used [0x00000007a1980000,0x00000007a1980000,0x00000007b7e80000)
 ParOldGen       total 1105408K, used 464903K [0x00000006c0000000, 0x0000000703780000, 0x000000076ab00000)
  object space 1105408K, 42% used [0x00000006c0000000,0x00000006dc601d60,0x0000000703780000)
 Metaspace       used 25761K, capacity 26745K, committed 27008K, reserved 1073152K
  class space    used 3391K, capacity 3647K, committed 3712K, reserved 1048576K
}

